<?xml version="1.0" encoding="UTF-8"?>
<!-- Generated by org.testng.reporters.JUnitReportReporter -->
<testsuite hostname="LTIN145403" failures="0" tests="1" name="WMS_TestCases.WMS_Negative_Adjusment" time="417.696" errors="0" timestamp="2022-05-15T18:32:19 IST" skipped="0">
  <testcase classname="WMS_TestCases.WMS_Negative_Adjusment" name="cycleCountUserDirec" time="417.696"/>
  <system-out/>
</testsuite> <!-- WMS_TestCases.WMS_Negative_Adjusment -->
