<?xml version="1.0" encoding="UTF-8"?>
<!-- Generated by org.testng.reporters.JUnitReportReporter -->
<testsuite hostname="LTIN145403" failures="0" tests="1" name="WMS_Test.WMS_Singles_Order_Testing" time="115.922" errors="0" timestamp="2022-08-11T13:27:00 IST" skipped="0">
  <testcase classname="WMS_Test.WMS_Singles_Order_Testing" name="orderAllocation" time="115.922"/>
  <system-out/>
</testsuite> <!-- WMS_Test.WMS_Singles_Order_Testing -->
