<?xml version="1.0" encoding="UTF-8"?>
<!-- Generated by org.testng.reporters.JUnitReportReporter -->
<testsuite hostname="BYODIIcU3lIgowY" failures="0" tests="1" name="WMS_Inbound_Batch_1.WMS_MultiSku_Split_Deposition" time="498.613" errors="0" timestamp="2023-09-19T12:07:33 IST" skipped="0">
  <testcase classname="WMS_Inbound_Batch_1.WMS_MultiSku_Split_Deposition" name="ASNExecuteCart" time="498.613"/>
</testsuite> <!-- WMS_Inbound_Batch_1.WMS_MultiSku_Split_Deposition -->
