<?xml version="1.0" encoding="UTF-8"?>
<!-- Generated by org.testng.reporters.JUnitReportReporter -->
<testsuite hostname="LTIN145403" failures="0" tests="1" name="WMS_TestCases.WMS_RateShop" time="654.597" errors="0" timestamp="2022-03-01T16:20:14 IST" skipped="0">
  <testcase classname="WMS_TestCases.WMS_RateShop" name="orderAllocation" time="654.597"/>
  <system-out/>
</testsuite> <!-- WMS_TestCases.WMS_RateShop -->
