<?xml version="1.0" encoding="UTF-8"?>
<!-- Generated by org.testng.reporters.JUnitReportReporter -->
<testsuite hostname="BYODIIcU3lIgowY" failures="0" tests="1" name="WMS_SingsOrd_Batch_3.WMS_SingleBag_Pack_Two" time="2154.962" errors="0" timestamp="2023-09-26T17:32:50 IST" skipped="0">
  <testcase classname="WMS_SingsOrd_Batch_3.WMS_SingleBag_Pack_Two" name="orderAllocation" time="2154.962"/>
</testsuite> <!-- WMS_SingsOrd_Batch_3.WMS_SingleBag_Pack_Two -->
