<?xml version="1.0" encoding="UTF-8"?>
<!-- Generated by org.testng.reporters.JUnitReportReporter -->
<testsuite hostname="BYODIIcU3lIgowY" failures="0" tests="1" name="WMS_SingsOrd_Batch_3.WMS_Single_Export" time="2009.167" errors="0" timestamp="2023-09-28T18:09:19 IST" skipped="0">
  <testcase classname="WMS_SingsOrd_Batch_3.WMS_Single_Export" name="orderAllocation" time="2009.167"/>
</testsuite> <!-- WMS_SingsOrd_Batch_3.WMS_Single_Export -->
