<?xml version="1.0" encoding="UTF-8"?>
<!-- Generated by org.testng.reporters.JUnitReportReporter -->
<testsuite hostname="BYODIIcU3lIgowY" failures="0" tests="1" name="WMS_Valid_Batch_7.WMS_FGHD_RateShop_Validation" time="543.954" errors="0" timestamp="2023-07-26T14:03:30 IST" skipped="0">
  <testcase classname="WMS_Valid_Batch_7.WMS_FGHD_RateShop_Validation" name="orderAllocation" time="543.954"/>
</testsuite> <!-- WMS_Valid_Batch_7.WMS_FGHD_RateShop_Validation -->
