<?xml version="1.0" encoding="UTF-8"?>
<!-- Generated by org.testng.reporters.JUnitReportReporter -->
<testsuite hostname="BYODIIcU3lIgowY" failures="0" tests="1" name="WMS_SingsOrd_Batch_3.WMS_SingleBag_Pack_Three" time="2133.035" errors="0" timestamp="2023-09-05T17:17:18 IST" skipped="0">
  <testcase classname="WMS_SingsOrd_Batch_3.WMS_SingleBag_Pack_Three" name="orderAllocation" time="2133.035"/>
</testsuite> <!-- WMS_SingsOrd_Batch_3.WMS_SingleBag_Pack_Three -->
