<?xml version="1.0" encoding="UTF-8"?>
<!-- Generated by org.testng.reporters.JUnitReportReporter -->
<testsuite hostname="BYODIIcU3lIgowY" failures="0" tests="1" name="WMS_TimeDate_Batch_6.WMS_Fill_and_Kill2" time="166.784" errors="0" timestamp="2024-03-20T15:38:35 IST" skipped="0">
  <testcase classname="WMS_TimeDate_Batch_6.WMS_Fill_and_Kill2" name="orderAllocation" time="166.784"/>
</testsuite> <!-- WMS_TimeDate_Batch_6.WMS_Fill_and_Kill2 -->
