<?xml version="1.0" encoding="UTF-8"?>
<!-- Generated by org.testng.reporters.JUnitReportReporter -->
<testsuite hostname="LTIN405265" failures="0" tests="1" name="WMS_SingsOrd_Batch_3.WMS_Singles_GiftCard_Order" time="2240.632" errors="0" timestamp="2023-05-03T09:57:07 IST" skipped="0">
  <testcase classname="WMS_SingsOrd_Batch_3.WMS_Singles_GiftCard_Order" name="orderAllocation" time="2240.632"/>
  <system-out/>
</testsuite> <!-- WMS_SingsOrd_Batch_3.WMS_Singles_GiftCard_Order -->
