<?xml version="1.0" encoding="UTF-8"?>
<!-- Generated by org.testng.reporters.JUnitReportReporter -->
<testsuite hostname="BYODIIcU3lIgowY" failures="0" tests="1" name="WMS_InvCont_Batch_2.WMS_Clock_In" time="93.567" errors="0" timestamp="2023-10-10T15:59:09 IST" skipped="0">
  <testcase classname="WMS_InvCont_Batch_2.WMS_Clock_In" name="addAndRemoveCondition" time="93.567"/>
</testsuite> <!-- WMS_InvCont_Batch_2.WMS_Clock_In -->
