<?xml version="1.0" encoding="UTF-8"?>
<!-- Generated by org.testng.reporters.JUnitReportReporter -->
<testsuite hostname="BYODIIcU3lIgowY" failures="0" tests="1" name="WMS_TimeDate_Batch_6.WMS_Ship_Confirmation" time="1077.346" errors="0" timestamp="2023-09-27T13:28:12 IST" skipped="0">
  <testcase classname="WMS_TimeDate_Batch_6.WMS_Ship_Confirmation" name="orderAllocation" time="1077.346"/>
</testsuite> <!-- WMS_TimeDate_Batch_6.WMS_Ship_Confirmation -->
