<?xml version="1.0" encoding="UTF-8"?>
<!-- Generated by org.testng.reporters.JUnitReportReporter -->
<testsuite hostname="BYODIIcU3lIgowY" failures="0" tests="1" name="WMS_SingsOrd_Batch_3.WMS_Single_Export" time="2521.877" errors="0" timestamp="2024-04-12T13:14:33 IST" skipped="0">
  <testcase classname="WMS_SingsOrd_Batch_3.WMS_Single_Export" name="orderAllocation" time="2521.877"/>
</testsuite> <!-- WMS_SingsOrd_Batch_3.WMS_Single_Export -->
