<?xml version="1.0" encoding="UTF-8"?>
<!-- Generated by org.testng.reporters.JUnitReportReporter -->
<testsuite hostname="BYODIIcU3lIgowY" failures="0" tests="1" name="WMS_InvCont_Batch_2.WMS_Positive_Adjusments" time="455.360" errors="0" timestamp="2023-08-22T19:20:25 IST" skipped="0">
  <testcase classname="WMS_InvCont_Batch_2.WMS_Positive_Adjusments" name="cycleCountUserDirec" time="455.360"/>
</testsuite> <!-- WMS_InvCont_Batch_2.WMS_Positive_Adjusments -->
