<?xml version="1.0" encoding="UTF-8"?>
<!-- Generated by org.testng.reporters.JUnitReportReporter -->
<testsuite hostname="LTIN145403" failures="0" tests="1" name="WMS_TestCases.WMS_The_Large_Wave_Task_Release" time="2159.847" errors="0" timestamp="2022-03-05T16:38:03 IST" skipped="0">
  <testcase classname="WMS_TestCases.WMS_The_Large_Wave_Task_Release" name="orderAllocation" time="2159.847"/>
  <system-out/>
</testsuite> <!-- WMS_TestCases.WMS_The_Large_Wave_Task_Release -->
