<?xml version="1.0" encoding="UTF-8"?>
<!-- Generated by org.testng.reporters.JUnitReportReporter -->
<testsuite hostname="BYODIIcU3lIgowY" failures="0" tests="1" name="WMS_Inbound_Batch_1.WMS_SingleSku_Split_Deposition" time="434.218" errors="0" timestamp="2024-04-12T21:37:36 IST" skipped="0">
  <testcase classname="WMS_Inbound_Batch_1.WMS_SingleSku_Split_Deposition" name="ASNExecuteCart" time="434.218"/>
</testsuite> <!-- WMS_Inbound_Batch_1.WMS_SingleSku_Split_Deposition -->
