<?xml version="1.0" encoding="UTF-8"?>
<!-- Generated by org.testng.reporters.JUnitReportReporter -->
<testsuite hostname="LTIN407945" failures="0" tests="1" name="WMS_Batch_6.WMS_Cancel_Order" time="449.640" errors="0" timestamp="2022-10-28T10:48:10 IST" skipped="0">
  <testcase classname="WMS_Batch_6.WMS_Cancel_Order" name="orderAllocation" time="449.640"/>
  <system-out/>
</testsuite> <!-- WMS_Batch_6.WMS_Cancel_Order -->
