<?xml version="1.0" encoding="UTF-8"?>
<!-- Generated by org.testng.reporters.JUnitReportReporter -->
<testsuite hostname="BYODIIcU3lIgowY" failures="0" tests="1" name="WMS_Valid_Batch_7.WMS_FEPO_Rateshop_Validation" time="1159.366" errors="0" timestamp="2023-09-15T18:07:59 IST" skipped="0">
  <testcase classname="WMS_Valid_Batch_7.WMS_FEPO_Rateshop_Validation" name="orderAllocation" time="1159.366"/>
</testsuite> <!-- WMS_Valid_Batch_7.WMS_FEPO_Rateshop_Validation -->
