<?xml version="1.0" encoding="UTF-8"?>
<!-- Generated by org.testng.reporters.JUnitReportReporter -->
<testsuite hostname="LTIN145403" failures="0" tests="1" name="WMS_TestCases.WMS_Alernate_Pick_Locatio" time="1677.827" errors="0" timestamp="2022-04-04T20:43:31 IST" skipped="0">
  <testcase classname="WMS_TestCases.WMS_Alernate_Pick_Locatio" name="orderAllocation" time="1677.827"/>
  <system-out/>
</testsuite> <!-- WMS_TestCases.WMS_Alernate_Pick_Locatio -->
