<?xml version="1.0" encoding="UTF-8"?>
<!-- Generated by org.testng.reporters.JUnitReportReporter -->
<testsuite hostname="BYODIIcU3lIgowY" failures="0" tests="1" name="WMS_InvCont_Batch_2.WMS_Cycle_Recounts" time="500.799" errors="0" timestamp="2023-09-27T14:58:44 IST" skipped="0">
  <testcase classname="WMS_InvCont_Batch_2.WMS_Cycle_Recounts" name="cycleCountUserDirec" time="500.799"/>
</testsuite> <!-- WMS_InvCont_Batch_2.WMS_Cycle_Recounts -->
