<?xml version="1.0" encoding="UTF-8"?>
<!-- Generated by org.testng.reporters.JUnitReportReporter -->
<testsuite hostname="LTIN145403" failures="0" tests="1" name="WMS_TestCases.WMS_Multis_Gift_Wrap" time="1345.374" errors="0" timestamp="2022-03-08T10:50:18 IST" skipped="0">
  <testcase classname="WMS_TestCases.WMS_Multis_Gift_Wrap" name="orderAllocation" time="1345.374"/>
  <system-out/>
</testsuite> <!-- WMS_TestCases.WMS_Multis_Gift_Wrap -->
