<?xml version="1.0" encoding="UTF-8"?>
<!-- Generated by org.testng.reporters.JUnitReportReporter -->
<testsuite hostname="BYODIIcU3lIgowY" failures="0" tests="1" name="WMS_Mult_Ord_Batch_4.WMS_Multis_Gift_Wrap" time="2157.667" errors="0" timestamp="2023-10-30T19:51:06 IST" skipped="0">
  <testcase classname="WMS_Mult_Ord_Batch_4.WMS_Multis_Gift_Wrap" name="orderAllocation" time="2157.667"/>
</testsuite> <!-- WMS_Mult_Ord_Batch_4.WMS_Multis_Gift_Wrap -->
