<?xml version="1.0" encoding="UTF-8"?>
<!-- Generated by org.testng.reporters.JUnitReportReporter -->
<testsuite hostname="BYODIIcU3lIgowY" failures="0" tests="1" name="WMS_Inbound_Batch_1.WMS_LPN_Multi_SKU" time="872.038" errors="0" timestamp="2024-04-12T21:35:20 IST" skipped="0">
  <testcase classname="WMS_Inbound_Batch_1.WMS_LPN_Multi_SKU" name="ASNExecuteCart" time="872.038"/>
</testsuite> <!-- WMS_Inbound_Batch_1.WMS_LPN_Multi_SKU -->
