<?xml version="1.0" encoding="UTF-8"?>
<!-- Generated by org.testng.reporters.JUnitReportReporter -->
<testsuite hostname="LTIN145403" failures="0" tests="1" name="WMS_TestCases.WMS_Printing_Journal" time="343.259" errors="0" timestamp="2022-02-23T13:03:17 IST" skipped="0">
  <testcase classname="WMS_TestCases.WMS_Printing_Journal" name="orderAllocation" time="343.259"/>
  <system-out/>
</testsuite> <!-- WMS_TestCases.WMS_Printing_Journal -->
