<?xml version="1.0" encoding="UTF-8"?>
<!-- Generated by org.testng.reporters.JUnitReportReporter -->
<testsuite hostname="LTIN145403" failures="0" tests="1" name="WMS_TestCases.WMS_Add_and_Remove_Condition_Code" time="97.994" errors="0" timestamp="2022-01-13T12:35:06 IST" skipped="0">
  <testcase classname="WMS_TestCases.WMS_Add_and_Remove_Condition_Code" name="orderAllocation" time="97.994"/>
  <system-out/>
</testsuite> <!-- WMS_TestCases.WMS_Add_and_Remove_Condition_Code -->
