<?xml version="1.0" encoding="UTF-8"?>
<!-- Generated by org.testng.reporters.JUnitReportReporter -->
<testsuite hostname="BYODIIcU3lIgowY" failures="0" tests="1" name="WMS_InvCont_Batch_2.WMS_Blind_Receiving" time="121.549" errors="0" timestamp="2024-04-12T21:18:38 IST" skipped="0">
  <testcase classname="WMS_InvCont_Batch_2.WMS_Blind_Receiving" name="cycleCountUserDirec" time="121.549"/>
</testsuite> <!-- WMS_InvCont_Batch_2.WMS_Blind_Receiving -->
