<?xml version="1.0" encoding="UTF-8"?>
<!-- Generated by org.testng.reporters.JUnitReportReporter -->
<testsuite hostname="BYODIIcU3lIgowY" failures="0" tests="1" name="WMS_TimeDate_Batch_6.WMS_Alernate_Pick_Location" time="1385.636" errors="0" timestamp="2023-09-05T12:13:11 IST" skipped="0">
  <testcase classname="WMS_TimeDate_Batch_6.WMS_Alernate_Pick_Location" name="orderAllocation" time="1385.636"/>
</testsuite> <!-- WMS_TimeDate_Batch_6.WMS_Alernate_Pick_Location -->
