<?xml version="1.0" encoding="UTF-8"?>
<!-- Generated by org.testng.reporters.JUnitReportReporter -->
<testsuite hostname="LTIN405265" failures="0" tests="1" name="WMS_PickSort_Batch_5.WMS_PST_Singles_Bags" time="3458.848" errors="0" timestamp="2023-05-04T15:12:02 IST" skipped="0">
  <testcase classname="WMS_PickSort_Batch_5.WMS_PST_Singles_Bags" name="orderAllocation" time="3458.848"/>
  <system-out/>
</testsuite> <!-- WMS_PickSort_Batch_5.WMS_PST_Singles_Bags -->
