<?xml version="1.0" encoding="UTF-8"?>
<!-- Generated by org.testng.reporters.JUnitReportReporter -->
<testsuite hostname="PCIN492287" name="WMS_TestCases.WMS_TC001_AsnReceiving" tests="1" failures="0" timestamp="6 Jun 2021 17:40:25 GMT" time="72.959" errors="0">
  <testcase name="asnReceiving" time="72.959" classname="WMS_TestCases.WMS_TC001_AsnReceiving"/>
</testsuite> <!-- WMS_TestCases.WMS_TC001_AsnReceiving -->
