<?xml version="1.0" encoding="UTF-8"?>
<!-- Generated by org.testng.reporters.JUnitReportReporter -->
<testsuite hostname="BYODIIcU3lIgowY" failures="0" tests="1" name="WMS_TimeDate_Batch_6.WMS_Ship_Confirm" time="713.541" errors="0" timestamp="2023-07-26T20:49:33 IST" skipped="0">
  <testcase classname="WMS_TimeDate_Batch_6.WMS_Ship_Confirm" name="orderAllocation" time="713.541"/>
</testsuite> <!-- WMS_TimeDate_Batch_6.WMS_Ship_Confirm -->
