<?xml version="1.0" encoding="UTF-8"?>
<!-- Generated by org.testng.reporters.JUnitReportReporter -->
<testsuite hostname="BYODIIcU3lIgowY" failures="0" tests="1" name="WMS_SingsOrd_Batch_3.WMS_Single_Gift_Wrap" time="2024.235" errors="0" timestamp="2024-04-12T14:56:49 IST" skipped="0">
  <testcase classname="WMS_SingsOrd_Batch_3.WMS_Single_Gift_Wrap" name="orderAllocation" time="2024.235"/>
</testsuite> <!-- WMS_SingsOrd_Batch_3.WMS_Single_Gift_Wrap -->
