<?xml version="1.0" encoding="UTF-8"?>
<!-- Generated by org.testng.reporters.JUnitReportReporter -->
<testsuite hostname="BYODIIcU3lIgowY" failures="0" tests="1" name="WMS_InvCont_Batch_2.WMS_Cycle_Recounts" time="222.884" errors="0" timestamp="2023-11-01T11:40:10 IST" skipped="0">
  <testcase classname="WMS_InvCont_Batch_2.WMS_Cycle_Recounts" name="cycleCountUserDirec" time="222.884"/>
</testsuite> <!-- WMS_InvCont_Batch_2.WMS_Cycle_Recounts -->
