<?xml version="1.0" encoding="UTF-8"?>
<!-- Generated by org.testng.reporters.JUnitReportReporter -->
<testsuite hostname="BYODIIcU3lIgowY" failures="0" tests="1" name="WMS_PickSort_Batch_5.WMS_PST_Singles_Cartons" time="3419.593" errors="0" timestamp="2023-09-27T16:01:09 IST" skipped="0">
  <testcase classname="WMS_PickSort_Batch_5.WMS_PST_Singles_Cartons" name="orderAllocation" time="3419.593"/>
</testsuite> <!-- WMS_PickSort_Batch_5.WMS_PST_Singles_Cartons -->
