<?xml version="1.0" encoding="UTF-8"?>
<!-- Generated by org.testng.reporters.JUnitReportReporter -->
<testsuite hostname="BYODIIcU3lIgowY" failures="0" tests="1" name="WMS_Inbound_Batch_1.WMS_SingleSku_Split_Deposition" time="616.476" errors="0" timestamp="2023-10-27T22:16:12 IST" skipped="0">
  <testcase classname="WMS_Inbound_Batch_1.WMS_SingleSku_Split_Deposition" name="ASNExecuteCart" time="616.476"/>
</testsuite> <!-- WMS_Inbound_Batch_1.WMS_SingleSku_Split_Deposition -->
