<?xml version="1.0" encoding="UTF-8"?>
<!-- Generated by org.testng.reporters.JUnitReportReporter -->
<testsuite hostname="LTIN145403" failures="0" tests="1" name="WMS_TestCases.WMS_Multiple_Bag_Generate_Cartons" time="1143.419" errors="0" timestamp="2022-03-07T16:42:16 IST" skipped="0">
  <testcase classname="WMS_TestCases.WMS_Multiple_Bag_Generate_Cartons" name="orderAllocation" time="1143.419"/>
  <system-out/>
</testsuite> <!-- WMS_TestCases.WMS_Multiple_Bag_Generate_Cartons -->
