<?xml version="1.0" encoding="UTF-8"?>
<!-- Generated by org.testng.reporters.JUnitReportReporter -->
<testsuite hostname="BYODIIcU3lIgowY" failures="0" tests="1" name="WMS_InvCont_Batch_2.WMS_Remove_Condition_Code" time="332.589" errors="0" timestamp="2023-09-19T12:19:12 IST" skipped="0">
  <testcase classname="WMS_InvCont_Batch_2.WMS_Remove_Condition_Code" name="addAndRemoveCondition" time="332.589"/>
</testsuite> <!-- WMS_InvCont_Batch_2.WMS_Remove_Condition_Code -->
