<?xml version="1.0" encoding="UTF-8"?>
<!-- Generated by org.testng.reporters.JUnitReportReporter -->
<testsuite hostname="LTIN407945" failures="0" tests="1" name="WMS_Test.WMS_Cancel_Order1" time="399.918" errors="0" timestamp="2022-09-24T15:44:47 IST" skipped="0">
  <testcase classname="WMS_Test.WMS_Cancel_Order1" name="orderAllocation" time="399.918"/>
  <system-out/>
</testsuite> <!-- WMS_Test.WMS_Cancel_Order1 -->
