<?xml version="1.0" encoding="UTF-8"?>
<!-- Generated by org.testng.reporters.JUnitReportReporter -->
<testsuite hostname="LTIN407945" failures="0" tests="1" name="WMS_Batch_6.WMS_Fill_and_Kill" time="1098.056" errors="0" timestamp="2022-10-28T12:19:04 IST" skipped="0">
  <testcase classname="WMS_Batch_6.WMS_Fill_and_Kill" name="orderAllocation" time="1098.056"/>
  <system-out/>
</testsuite> <!-- WMS_Batch_6.WMS_Fill_and_Kill -->
