<?xml version="1.0" encoding="UTF-8"?>
<!-- Generated by org.testng.reporters.JUnitReportReporter -->
<testsuite hostname="BYODIIcU3lIgowY" failures="0" tests="1" name="WMS_PickSort_Batch_5.WMS_PST_MultisBag_Carton" time="2665.816" errors="0" timestamp="2023-07-27T17:31:02 IST" skipped="0">
  <testcase classname="WMS_PickSort_Batch_5.WMS_PST_MultisBag_Carton" name="orderAllocation" time="2665.816"/>
</testsuite> <!-- WMS_PickSort_Batch_5.WMS_PST_MultisBag_Carton -->
