<?xml version="1.0" encoding="UTF-8"?>
<!-- Generated by org.testng.reporters.JUnitReportReporter -->
<testsuite hostname="BYODIIcU3lIgowY" failures="0" tests="1" name="WMS_InvCont_Batch_2.WMS_Negative_Adjusment" time="421.617" errors="0" timestamp="2023-07-26T14:58:10 IST" skipped="0">
  <testcase classname="WMS_InvCont_Batch_2.WMS_Negative_Adjusment" name="cycleCountUserDirec" time="421.617"/>
</testsuite> <!-- WMS_InvCont_Batch_2.WMS_Negative_Adjusment -->
