<?xml version="1.0" encoding="UTF-8"?>
<!-- Generated by org.testng.reporters.JUnitReportReporter -->
<testsuite hostname="LTIN145403" failures="0" tests="1" name="WMS_TestCases.WMS_DW_PACK_Singles_bag" time="2185.462" errors="0" timestamp="2022-03-04T00:31:18 IST" skipped="0">
  <testcase classname="WMS_TestCases.WMS_DW_PACK_Singles_bag" name="orderAllocation" time="2185.462"/>
  <system-out/>
</testsuite> <!-- WMS_TestCases.WMS_DW_PACK_Singles_bag -->
