<?xml version="1.0" encoding="UTF-8"?>
<!-- Generated by org.testng.reporters.JUnitReportReporter -->
<testsuite hostname="LTIN145403" failures="0" tests="1" name="WMS_TestCases.WMS_Positive_Adjusments" time="432.478" errors="0" timestamp="2022-05-15T18:57:21 IST" skipped="0">
  <testcase classname="WMS_TestCases.WMS_Positive_Adjusments" name="cycleCountUserDirec" time="432.478"/>
  <system-out/>
</testsuite> <!-- WMS_TestCases.WMS_Positive_Adjusments -->
