<?xml version="1.0" encoding="UTF-8"?>
<!-- Generated by org.testng.reporters.JUnitReportReporter -->
<testsuite hostname="BYODIIcU3lIgowY" failures="0" tests="1" name="WMS_PickSort_Batch_5.WMS_PST_Singles_Gift_Wrap" time="188.128" errors="0" timestamp="2023-10-30T19:41:06 IST" skipped="0">
  <testcase classname="WMS_PickSort_Batch_5.WMS_PST_Singles_Gift_Wrap" name="orderAllocation" time="188.128"/>
</testsuite> <!-- WMS_PickSort_Batch_5.WMS_PST_Singles_Gift_Wrap -->
