<?xml version="1.0" encoding="UTF-8"?>
<!-- Generated by org.testng.reporters.JUnitReportReporter -->
<testsuite hostname="BYODIIcU3lIgowY" failures="0" tests="1" name="WMS_Valid_Batch_7.WMS_DHEP_RateShop_Validation" time="689.670" errors="0" timestamp="2023-07-26T13:53:00 IST" skipped="0">
  <testcase classname="WMS_Valid_Batch_7.WMS_DHEP_RateShop_Validation" name="orderAllocation" time="689.670"/>
</testsuite> <!-- WMS_Valid_Batch_7.WMS_DHEP_RateShop_Validation -->
