<?xml version="1.0" encoding="UTF-8"?>
<!-- Generated by org.testng.reporters.JUnitReportReporter -->
<testsuite hostname="BYODIIcU3lIgowY" failures="0" tests="1" name="WMS_SingsOrd_Batch_3.WMS_SingleBag_Pack_One" time="2012.013" errors="0" timestamp="2023-09-11T17:39:03 IST" skipped="0">
  <testcase classname="WMS_SingsOrd_Batch_3.WMS_SingleBag_Pack_One" name="orderAllocation" time="2012.013"/>
</testsuite> <!-- WMS_SingsOrd_Batch_3.WMS_SingleBag_Pack_One -->
