<?xml version="1.0" encoding="UTF-8"?>
<!-- Generated by org.testng.reporters.JUnitReportReporter -->
<testsuite hostname="BYODIIcU3lIgowY" failures="0" tests="1" name="WMS_TimeDate_Batch_6.WMS_Printing_Journal" time="391.699" errors="0" timestamp="2023-09-19T15:29:28 IST" skipped="0">
  <testcase classname="WMS_TimeDate_Batch_6.WMS_Printing_Journal" name="orderAllocation" time="391.699"/>
</testsuite> <!-- WMS_TimeDate_Batch_6.WMS_Printing_Journal -->
