<?xml version="1.0" encoding="UTF-8"?>
<!-- Generated by org.testng.reporters.JUnitReportReporter -->
<testsuite hostname="BYODIIcU3lIgowY" failures="0" tests="1" name="WMS_Mult_Ord_Batch_4.WMS_Multis_Export_Orders" time="1018.769" errors="0" timestamp="2023-10-30T20:11:03 IST" skipped="0">
  <testcase classname="WMS_Mult_Ord_Batch_4.WMS_Multis_Export_Orders" name="orderAllocation" time="1018.769"/>
</testsuite> <!-- WMS_Mult_Ord_Batch_4.WMS_Multis_Export_Orders -->
