<?xml version="1.0" encoding="UTF-8"?>
<!-- Generated by org.testng.reporters.JUnitReportReporter -->
<testsuite hostname="BYODIIcU3lIgowY" failures="0" tests="1" name="WMS_TimeDate_Batch_6.WMS_Fill_and_Kill" time="333.147" errors="0" timestamp="2024-04-12T22:16:06 IST" skipped="0">
  <testcase classname="WMS_TimeDate_Batch_6.WMS_Fill_and_Kill" name="orderAllocation" time="333.147"/>
</testsuite> <!-- WMS_TimeDate_Batch_6.WMS_Fill_and_Kill -->
