<?xml version="1.0" encoding="UTF-8"?>
<!-- Generated by org.testng.reporters.JUnitReportReporter -->
<testsuite hostname="PCIN492287" name="WMS_TestCases.WMS_TC003_Outbound_RunTheWaveAndReleaseTaskForSinglesBagOrder" tests="1" failures="0" timestamp="22 Jun 2021 08:27:44 GMT" time="181.501" errors="0">
  <testcase name="runTheWaveAndReleaseTaskForSinglesBagOrder" time="181.501" classname="WMS_TestCases.WMS_TC003_Outbound_RunTheWaveAndReleaseTaskForSinglesBagOrder"/>
</testsuite> <!-- WMS_TestCases.WMS_TC003_Outbound_RunTheWaveAndReleaseTaskForSinglesBagOrder -->
