<?xml version="1.0" encoding="UTF-8"?>
<!-- Generated by org.testng.reporters.JUnitReportReporter -->
<testsuite hostname="BYODIIcU3lIgowY" failures="0" tests="1" name="WMS_SingsOrd_Batch_3.WMS_Single_Gift_Wrap" time="822.707" errors="0" timestamp="2023-10-28T04:44:24 IST" skipped="0">
  <testcase classname="WMS_SingsOrd_Batch_3.WMS_Single_Gift_Wrap" name="orderAllocation" time="822.707"/>
</testsuite> <!-- WMS_SingsOrd_Batch_3.WMS_Single_Gift_Wrap -->
