<?xml version="1.0" encoding="UTF-8"?>
<!-- Generated by org.testng.reporters.JUnitReportReporter -->
<testsuite hostname="LTIN407945" failures="0" tests="1" name="WMS_Batch_6.WMS_Ship_Confirmation" time="1396.684" errors="0" timestamp="2022-10-28T12:52:53 IST" skipped="0">
  <testcase classname="WMS_Batch_6.WMS_Ship_Confirmation" name="orderAllocation" time="1396.684"/>
  <system-out/>
</testsuite> <!-- WMS_Batch_6.WMS_Ship_Confirmation -->
