<?xml version="1.0" encoding="UTF-8"?>
<!-- Generated by org.testng.reporters.JUnitReportReporter -->
<testsuite hostname="BYODIIcU3lIgowY" failures="0" tests="1" name="WMS_Valid_Batch_7.WMS_ONTRAC_Rateshop_Validation" time="597.694" errors="0" timestamp="2023-09-27T21:03:03 IST" skipped="0">
  <testcase classname="WMS_Valid_Batch_7.WMS_ONTRAC_Rateshop_Validation" name="orderAllocation" time="597.694"/>
</testsuite> <!-- WMS_Valid_Batch_7.WMS_ONTRAC_Rateshop_Validation -->
