<?xml version="1.0" encoding="UTF-8"?>
<!-- Generated by org.testng.reporters.JUnitReportReporter -->
<testsuite hostname="BYODIIcU3lIgowY" failures="0" tests="1" name="WMS_TimeDate_Batch_6.WMS_Ship_Confirmation" time="560.178" errors="0" timestamp="2024-04-04T15:02:23 IST" skipped="0">
  <testcase classname="WMS_TimeDate_Batch_6.WMS_Ship_Confirmation" name="orderAllocation" time="560.178"/>
</testsuite> <!-- WMS_TimeDate_Batch_6.WMS_Ship_Confirmation -->
