<?xml version="1.0" encoding="UTF-8"?>
<!-- Generated by org.testng.reporters.JUnitReportReporter -->
<testsuite hostname="LTIN145403" failures="0" tests="1" name="WMS_TestCases.WMS_Multis_Export_Orders" time="1373.074" errors="0" timestamp="2022-03-08T13:05:16 IST" skipped="0">
  <testcase classname="WMS_TestCases.WMS_Multis_Export_Orders" name="orderAllocation" time="1373.074"/>
  <system-out/>
</testsuite> <!-- WMS_TestCases.WMS_Multis_Export_Orders -->
