<?xml version="1.0" encoding="UTF-8"?>
<!-- Generated by org.testng.reporters.JUnitReportReporter -->
<testsuite hostname="LTIN145403" failures="0" tests="1" name="WMS_TestCases.WMS_Multi_Gift_Card_MPacking" time="1128.496" errors="0" timestamp="2022-03-07T22:39:19 IST" skipped="0">
  <testcase classname="WMS_TestCases.WMS_Multi_Gift_Card_MPacking" name="orderAllocation" time="1128.496"/>
  <system-out/>
</testsuite> <!-- WMS_TestCases.WMS_Multi_Gift_Card_MPacking -->
