<?xml version="1.0" encoding="UTF-8"?>
<!-- Generated by org.testng.reporters.JUnitReportReporter -->
<testsuite hostname="BYODIIcU3lIgowY" failures="0" tests="1" name="WMS_InvCont_Batch_2.WMS_Add_Condition_Code" time="291.198" errors="0" timestamp="2023-09-19T12:05:30 IST" skipped="0">
  <testcase classname="WMS_InvCont_Batch_2.WMS_Add_Condition_Code" name="addAndRemoveCondition" time="291.198"/>
</testsuite> <!-- WMS_InvCont_Batch_2.WMS_Add_Condition_Code -->
