<?xml version="1.0" encoding="UTF-8"?>
<!-- Generated by org.testng.reporters.JUnitReportReporter -->
<testsuite hostname="BYODIIcU3lIgowY" failures="0" tests="1" name="WMS_InvCont_Batch_2.WMS_Remove_Condition_Code" time="316.794" errors="0" timestamp="2023-07-26T14:43:37 IST" skipped="0">
  <testcase classname="WMS_InvCont_Batch_2.WMS_Remove_Condition_Code" name="addAndRemoveCondition" time="316.794"/>
</testsuite> <!-- WMS_InvCont_Batch_2.WMS_Remove_Condition_Code -->
