<?xml version="1.0" encoding="UTF-8"?>
<!-- Generated by org.testng.reporters.JUnitReportReporter -->
<testsuite hostname="BYODIIcU3lIgowY" failures="0" tests="1" name="WMS_InvCont_Batch_2.WMS_Cycle_Recounts" time="428.593" errors="0" timestamp="2023-09-01T15:00:01 IST" skipped="0">
  <testcase classname="WMS_InvCont_Batch_2.WMS_Cycle_Recounts" name="cycleCountUserDirec" time="428.593"/>
</testsuite> <!-- WMS_InvCont_Batch_2.WMS_Cycle_Recounts -->
