<?xml version="1.0" encoding="UTF-8"?>
<!-- Generated by org.testng.reporters.JUnitReportReporter -->
<testsuite hostname="LTIN407945" failures="0" tests="1" name="WMS_InvCont_Batch_2.WMS_Add_Condition_ode" time="271.579" errors="0" timestamp="2022-10-26T17:14:02 IST" skipped="0">
  <testcase classname="WMS_InvCont_Batch_2.WMS_Add_Condition_ode" name="addAndRemoveCondition" time="271.579"/>
  <system-out/>
</testsuite> <!-- WMS_InvCont_Batch_2.WMS_Add_Condition_ode -->
