<?xml version="1.0" encoding="UTF-8"?>
<!-- Generated by org.testng.reporters.JUnitReportReporter -->
<testsuite hostname="LTIN407945" failures="0" tests="1" name="WMS_Mult_Ord_Batch_4.WMS_Multi_Gift_Card_MPacking" time="3046.395" errors="0" timestamp="2022-11-01T12:02:59 IST" skipped="0">
  <testcase classname="WMS_Mult_Ord_Batch_4.WMS_Multi_Gift_Card_MPacking" name="orderAllocation" time="3046.395"/>
  <system-out/>
</testsuite> <!-- WMS_Mult_Ord_Batch_4.WMS_Multi_Gift_Card_MPacking -->
