<?xml version="1.0" encoding="UTF-8"?>
<!-- Generated by org.testng.reporters.JUnitReportReporter -->
<testsuite hostname="BYODIIcU3lIgowY" failures="0" tests="1" name="WMS_InvCont_Batch_2.WMS_Negative_Adjusment" time="383.730" errors="0" timestamp="2024-04-12T21:21:38 IST" skipped="0">
  <testcase classname="WMS_InvCont_Batch_2.WMS_Negative_Adjusment" name="cycleCountUserDirec" time="383.730"/>
</testsuite> <!-- WMS_InvCont_Batch_2.WMS_Negative_Adjusment -->
