<?xml version="1.0" encoding="UTF-8"?>
<!-- Generated by org.testng.reporters.JUnitReportReporter -->
<testsuite hostname="BYODIIcU3lIgowY" failures="0" tests="1" name="WMS_PickSort_Batch_5.WMS_PST_Multis_Export" time="3326.898" errors="0" timestamp="2023-09-15T16:18:42 IST" skipped="0">
  <testcase classname="WMS_PickSort_Batch_5.WMS_PST_Multis_Export" name="orderAllocation" time="3326.898"/>
</testsuite> <!-- WMS_PickSort_Batch_5.WMS_PST_Multis_Export -->
