<?xml version="1.0" encoding="UTF-8"?>
<!-- Generated by org.testng.reporters.JUnitReportReporter -->
<testsuite hostname="BYODIIcU3lIgowY" failures="0" tests="1" name="WMS_InvCont_Batch_2.WMS_Positive_Adjusments" time="379.893" errors="0" timestamp="2024-04-12T21:15:52 IST" skipped="0">
  <testcase classname="WMS_InvCont_Batch_2.WMS_Positive_Adjusments" name="cycleCountUserDirec" time="379.893"/>
</testsuite> <!-- WMS_InvCont_Batch_2.WMS_Positive_Adjusments -->
