<?xml version="1.0" encoding="UTF-8"?>
<!-- Generated by org.testng.reporters.JUnitReportReporter -->
<testsuite hostname="LTIN407945" failures="0" tests="1" name="WMS_Batch_6.WMS_Printing_Journal" time="367.573" errors="0" timestamp="2022-10-28T10:36:27 IST" skipped="0">
  <testcase classname="WMS_Batch_6.WMS_Printing_Journal" name="orderAllocation" time="367.573"/>
  <system-out/>
</testsuite> <!-- WMS_Batch_6.WMS_Printing_Journal -->
