<?xml version="1.0" encoding="UTF-8"?>
<!-- Generated by org.testng.reporters.JUnitReportReporter -->
<testsuite hostname="LTIN496259" failures="0" tests="1" name="E2E_Testcases.logtest" time="12.681" errors="0" timestamp="2025-05-06T22:15:13 IST" skipped="0">
  <testcase classname="E2E_Testcases.logtest" name="P0_TC02_E2E_ProductCreation" time="12.681"/>
</testsuite> <!-- E2E_Testcases.logtest -->
