<?xml version="1.0" encoding="UTF-8"?>
<!-- Generated by org.testng.reporters.JUnitReportReporter -->
<testsuite hostname="BYODIIcU3lIgowY" failures="0" tests="1" name="WMS_TimeDate_Batch_6.WMS_Printing_Journal" time="377.347" errors="0" timestamp="2023-07-26T20:57:56 IST" skipped="0">
  <testcase classname="WMS_TimeDate_Batch_6.WMS_Printing_Journal" name="orderAllocation" time="377.347"/>
</testsuite> <!-- WMS_TimeDate_Batch_6.WMS_Printing_Journal -->
