<?xml version="1.0" encoding="UTF-8"?>
<!-- Generated by org.testng.reporters.JUnitReportReporter -->
<testsuite hostname="BYODIIcU3lIgowY" failures="0" tests="1" name="WMS_InvCont_Batch_2.WMS_Clock_In" time="82.206" errors="0" timestamp="2023-08-22T17:39:13 IST" skipped="0">
  <testcase classname="WMS_InvCont_Batch_2.WMS_Clock_In" name="addAndRemoveCondition" time="82.206"/>
</testsuite> <!-- WMS_InvCont_Batch_2.WMS_Clock_In -->
