<?xml version="1.0" encoding="UTF-8"?>
<!-- Generated by org.testng.reporters.JUnitReportReporter -->
<testsuite hostname="PCIN492287" name="WMS_TestCases.WMS_TC002_AsnPutAway" tests="1" failures="0" timestamp="2 Jun 2021 18:13:05 GMT" time="100.716" errors="0">
  <testcase name="asnPutAway" time="100.716" classname="WMS_TestCases.WMS_TC002_AsnPutAway"/>
</testsuite> <!-- WMS_TestCases.WMS_TC002_AsnPutAway -->
