<?xml version="1.0" encoding="UTF-8"?>
<!-- Generated by org.testng.reporters.JUnitReportReporter -->
<testsuite hostname="BYODIIcU3lIgowY" failures="0" tests="1" name="WMS_Valid_Batch_7.WMS_USSG_Rateshop_Validation" time="594.940" errors="0" timestamp="2023-10-09T14:44:36 IST" skipped="0">
  <testcase classname="WMS_Valid_Batch_7.WMS_USSG_Rateshop_Validation" name="orderAllocation" time="594.940"/>
</testsuite> <!-- WMS_Valid_Batch_7.WMS_USSG_Rateshop_Validation -->
