<?xml version="1.0" encoding="UTF-8"?>
<!-- Generated by org.testng.reporters.JUnitReportReporter -->
<testsuite hostname="BYODIIcU3lIgowY" failures="0" tests="1" name="WMS_InvCont_Batch_2.WMS_Remove_Condition_Code" time="247.345" errors="0" timestamp="2024-04-12T21:16:32 IST" skipped="0">
  <testcase classname="WMS_InvCont_Batch_2.WMS_Remove_Condition_Code" name="addAndRemoveCondition" time="247.345"/>
</testsuite> <!-- WMS_InvCont_Batch_2.WMS_Remove_Condition_Code -->
