<?xml version="1.0" encoding="UTF-8"?>
<!-- Generated by org.testng.reporters.JUnitReportReporter -->
<testsuite hostname="BYODIIcU3lIgowY" failures="0" tests="1" name="WMS_SinglesPackSort_Batch_8.WMS_PackSort_Single_Export" time="3106.937" errors="0" timestamp="2023-10-30T13:15:17 IST" skipped="0">
  <testcase classname="WMS_SinglesPackSort_Batch_8.WMS_PackSort_Single_Export" name="orderAllocation" time="3106.937"/>
</testsuite> <!-- WMS_SinglesPackSort_Batch_8.WMS_PackSort_Single_Export -->
