<?xml version="1.0" encoding="UTF-8"?>
<!-- Generated by org.testng.reporters.JUnitReportReporter -->
<testsuite hostname="BYODIIcU3lIgowY" failures="0" tests="1" name="WMS_TimeDate_Batch_6.WMS_Printing_Journal" time="371.070" errors="0" timestamp="2024-04-12T22:03:57 IST" skipped="0">
  <testcase classname="WMS_TimeDate_Batch_6.WMS_Printing_Journal" name="orderAllocation" time="371.070"/>
</testsuite> <!-- WMS_TimeDate_Batch_6.WMS_Printing_Journal -->
