<?xml version="1.0" encoding="UTF-8"?>
<!-- Generated by org.testng.reporters.JUnitReportReporter -->
<testsuite hostname="BYODIIcU3lIgowY" failures="0" tests="1" name="WMS_Mult_Ord_Batch_4.WMS_Multi_Gift_Card" time="2509.349" errors="0" timestamp="2024-04-12T20:27:43 IST" skipped="0">
  <testcase classname="WMS_Mult_Ord_Batch_4.WMS_Multi_Gift_Card" name="orderAllocation" time="2509.349"/>
</testsuite> <!-- WMS_Mult_Ord_Batch_4.WMS_Multi_Gift_Card -->
