<?xml version="1.0" encoding="UTF-8"?>
<!-- Generated by org.testng.reporters.JUnitReportReporter -->
<testsuite hostname="BYODIIcU3lIgowY" failures="0" tests="1" name="WMS_Valid_Batch_7.WMS_FGCG_Rateshop_Validation" time="586.948" errors="0" timestamp="2023-07-26T14:36:43 IST" skipped="0">
  <testcase classname="WMS_Valid_Batch_7.WMS_FGCG_Rateshop_Validation" name="orderAllocation" time="586.948"/>
</testsuite> <!-- WMS_Valid_Batch_7.WMS_FGCG_Rateshop_Validation -->
