<?xml version="1.0" encoding="UTF-8"?>
<!-- Generated by org.testng.reporters.JUnitReportReporter -->
<testsuite hostname="BYODIIcU3lIgowY" failures="0" tests="1" name="WMS_PickSort_Batch_5.WMS_PST_Singles_Bags" time="814.397" errors="0" timestamp="2023-10-30T13:53:14 IST" skipped="0">
  <testcase classname="WMS_PickSort_Batch_5.WMS_PST_Singles_Bags" name="orderAllocation" time="814.397"/>
</testsuite> <!-- WMS_PickSort_Batch_5.WMS_PST_Singles_Bags -->
