<?xml version="1.0" encoding="UTF-8"?>
<!-- Generated by org.testng.reporters.JUnitReportReporter -->
<testsuite hostname="BYODIIcU3lIgowY" failures="0" tests="1" name="WMS_InvCont_Batch_2.WMS_Add_Condition_Code" time="213.906" errors="0" timestamp="2024-04-12T21:11:35 IST" skipped="0">
  <testcase classname="WMS_InvCont_Batch_2.WMS_Add_Condition_Code" name="addAndRemoveCondition" time="213.906"/>
</testsuite> <!-- WMS_InvCont_Batch_2.WMS_Add_Condition_Code -->
