<?xml version="1.0" encoding="UTF-8"?>
<!-- Generated by org.testng.reporters.JUnitReportReporter -->
<testsuite hostname="LTIN145403" failures="0" tests="1" name="WMS_TestCases.WMS_PST_Singles_Bags" time="2149.140" errors="0" timestamp="2022-03-02T23:58:20 IST" skipped="0">
  <testcase classname="WMS_TestCases.WMS_PST_Singles_Bags" name="orderAllocation" time="2149.140"/>
  <system-out/>
</testsuite> <!-- WMS_TestCases.WMS_PST_Singles_Bags -->
