<?xml version="1.0" encoding="UTF-8"?>
<!-- Generated by org.testng.reporters.JUnitReportReporter -->
<testsuite hostname="BYODIIcU3lIgowY" failures="0" tests="1" name="WMS_Valid_Batch_7.WMS_USFC_Rateshop_Validation" time="667.108" errors="0" timestamp="2023-08-23T13:14:13 IST" skipped="0">
  <testcase classname="WMS_Valid_Batch_7.WMS_USFC_Rateshop_Validation" name="orderAllocation" time="667.108"/>
</testsuite> <!-- WMS_Valid_Batch_7.WMS_USFC_Rateshop_Validation -->
