<?xml version="1.0" encoding="UTF-8"?>
<!-- Generated by org.testng.reporters.JUnitReportReporter -->
<testsuite hostname="BYODIIcU3lIgowY" failures="0" tests="1" name="WMS_Valid_Batch_7.WMS_USSG_Rateshop_Validation" time="552.711" errors="0" timestamp="2023-09-15T21:09:00 IST" skipped="0">
  <testcase classname="WMS_Valid_Batch_7.WMS_USSG_Rateshop_Validation" name="orderAllocation" time="552.711"/>
</testsuite> <!-- WMS_Valid_Batch_7.WMS_USSG_Rateshop_Validation -->
