<?xml version="1.0" encoding="UTF-8"?>
<!-- Generated by org.testng.reporters.JUnitReportReporter -->
<testsuite hostname="BYODIIcU3lIgowY" failures="0" tests="1" name="WMS_Mult_Ord_Batch_4.WMS_Multis_Export_Orders" time="501.609" errors="0" timestamp="2023-10-31T15:35:04 IST" skipped="0">
  <testcase classname="WMS_Mult_Ord_Batch_4.WMS_Multis_Export_Orders" name="orderAllocation" time="501.609"/>
</testsuite> <!-- WMS_Mult_Ord_Batch_4.WMS_Multis_Export_Orders -->
