<?xml version="1.0" encoding="UTF-8"?>
<!-- Generated by org.testng.reporters.JUnitReportReporter -->
<testsuite hostname="LTIN496259" failures="0" tests="1" name="E2E_Testcases.TC307_P0_E2E_MaterialCreation_YarnFabri" time="119.854" errors="0" timestamp="2025-05-07T03:42:53 IST" skipped="0">
  <testcase classname="E2E_Testcases.TC307_P0_E2E_MaterialCreation_YarnFabri" name="P0_TC06_E2E_MaterialCreation_YarnFabri" time="119.854"/>
</testsuite> <!-- E2E_Testcases.TC307_P0_E2E_MaterialCreation_YarnFabri -->
