<?xml version="1.0" encoding="UTF-8"?>
<!-- Generated by org.testng.reporters.JUnitReportReporter -->
<testsuite hostname="BYODIIcU3lIgowY" failures="0" tests="1" name="WMS_SinglesPackSort_Batch_8.WMS_PackSort_Single_Export" time="3218.158" errors="0" timestamp="2023-09-26T16:41:28 IST" skipped="0">
  <testcase classname="WMS_SinglesPackSort_Batch_8.WMS_PackSort_Single_Export" name="orderAllocation" time="3218.158"/>
</testsuite> <!-- WMS_SinglesPackSort_Batch_8.WMS_PackSort_Single_Export -->
