<?xml version="1.0" encoding="UTF-8"?>
<!-- Generated by org.testng.reporters.JUnitReportReporter -->
<testsuite hostname="LTIN145403" failures="0" tests="1" name="WMS_TestCases.WMS_Single_Export" time="1051.337" errors="0" timestamp="2022-03-07T15:20:13 IST" skipped="0">
  <testcase classname="WMS_TestCases.WMS_Single_Export" name="orderAllocation" time="1051.337"/>
  <system-out/>
</testsuite> <!-- WMS_TestCases.WMS_Single_Export -->
