<?xml version="1.0" encoding="UTF-8"?>
<!-- Generated by org.testng.reporters.JUnitReportReporter -->
<testsuite hostname="BYODIIcU3lIgowY" failures="0" tests="1" name="WMS_InvCont_Batch_2.WMS_Positive_Adjusments" time="471.279" errors="0" timestamp="2023-09-19T14:07:13 IST" skipped="0">
  <testcase classname="WMS_InvCont_Batch_2.WMS_Positive_Adjusments" name="cycleCountUserDirec" time="471.279"/>
</testsuite> <!-- WMS_InvCont_Batch_2.WMS_Positive_Adjusments -->
