<?xml version="1.0" encoding="UTF-8"?>
<!-- Generated by org.testng.reporters.JUnitReportReporter -->
<testsuite hostname="BYODIIcU3lIgowY" failures="0" tests="1" name="WMS_InvCont_Batch_2.WMS_ClockOut" time="81.149" errors="0" timestamp="2023-11-01T11:24:45 IST" skipped="0">
  <testcase classname="WMS_InvCont_Batch_2.WMS_ClockOut" name="addAndRemoveCondition" time="81.149"/>
</testsuite> <!-- WMS_InvCont_Batch_2.WMS_ClockOut -->
