<?xml version="1.0" encoding="UTF-8"?>
<!-- Generated by org.testng.reporters.JUnitReportReporter -->
<testsuite hostname="LTIN145403" failures="0" tests="1" name="WMS_TestCases.WMS_ClockIn_ClockOut" time="175.396" errors="0" timestamp="2022-03-22T20:07:56 IST" skipped="0">
  <testcase classname="WMS_TestCases.WMS_ClockIn_ClockOut" name="addAndRemoveCondition" time="175.396"/>
  <system-out/>
</testsuite> <!-- WMS_TestCases.WMS_ClockIn_ClockOut -->
