<?xml version="1.0" encoding="UTF-8"?>
<!-- Generated by org.testng.reporters.JUnitReportReporter -->
<testsuite hostname="BYODIIcU3lIgowY" failures="0" tests="1" name="WMS_InvCont_Batch_2.WMS_Cycle_Count_userdirected" time="254.405" errors="0" timestamp="2023-09-15T11:47:38 IST" skipped="0">
  <testcase classname="WMS_InvCont_Batch_2.WMS_Cycle_Count_userdirected" name="cycleCountUserDirec" time="254.405"/>
</testsuite> <!-- WMS_InvCont_Batch_2.WMS_Cycle_Count_userdirected -->
