<?xml version="1.0" encoding="UTF-8"?>
<!-- Generated by org.testng.reporters.JUnitReportReporter -->
<testsuite hostname="BYODIIcU3lIgowY" failures="0" tests="1" name="WMS_PickSort_Batch_5.WMS_PST_Multis_Export" time="3905.029" errors="0" timestamp="2023-11-01T14:37:55 IST" skipped="0">
  <testcase classname="WMS_PickSort_Batch_5.WMS_PST_Multis_Export" name="orderAllocation" time="3905.029"/>
</testsuite> <!-- WMS_PickSort_Batch_5.WMS_PST_Multis_Export -->
