<?xml version="1.0" encoding="UTF-8"?>
<!-- Generated by org.testng.reporters.JUnitReportReporter -->
<testsuite hostname="LTIN145403" failures="0" tests="1" name="WMS_TestCases.WMS_Cancel_Orders" time="411.527" errors="0" timestamp="2022-03-23T09:14:10 IST" skipped="0">
  <testcase classname="WMS_TestCases.WMS_Cancel_Orders" name="orderAllocation" time="411.527"/>
  <system-out/>
</testsuite> <!-- WMS_TestCases.WMS_Cancel_Orders -->
