<?xml version="1.0" encoding="UTF-8"?>
<!-- Generated by org.testng.reporters.JUnitReportReporter -->
<testsuite hostname="BYODIIcU3lIgowY" failures="0" tests="1" name="WMS_TimeDate_Batch_6.WMS_Parcel_End_of_The_Day" time="169.974" errors="0" timestamp="2024-04-12T22:14:08 IST" skipped="0">
  <testcase classname="WMS_TimeDate_Batch_6.WMS_Parcel_End_of_The_Day" name="orderAllocation" time="169.974"/>
</testsuite> <!-- WMS_TimeDate_Batch_6.WMS_Parcel_End_of_The_Day -->
