<?xml version="1.0" encoding="UTF-8"?>
<!-- Generated by org.testng.reporters.JUnitReportReporter -->
<testsuite hostname="BYODIIcU3lIgowY" failures="0" tests="1" name="WMS_Valid_Batch_7.WMS_FE2D_RateShop_Validation" time="541.569" errors="0" timestamp="2023-09-04T19:03:44 IST" skipped="0">
  <testcase classname="WMS_Valid_Batch_7.WMS_FE2D_RateShop_Validation" name="orderAllocation" time="541.569"/>
</testsuite> <!-- WMS_Valid_Batch_7.WMS_FE2D_RateShop_Validation -->
