<?xml version="1.0" encoding="UTF-8"?>
<!-- Generated by org.testng.reporters.JUnitReportReporter -->
<testsuite hostname="BYODIIcU3lIgowY" failures="0" tests="1" name="WMS_TimeDate_Batch_6.WMS_Cancel_Order" time="366.535" errors="0" timestamp="2024-04-12T21:41:47 IST" skipped="0">
  <testcase classname="WMS_TimeDate_Batch_6.WMS_Cancel_Order" name="orderAllocation" time="366.535"/>
</testsuite> <!-- WMS_TimeDate_Batch_6.WMS_Cancel_Order -->
