<?xml version="1.0" encoding="UTF-8"?>
<!-- Generated by org.testng.reporters.JUnitReportReporter -->
<testsuite hostname="BYODIIcU3lIgowY" failures="0" tests="1" name="WMS_TimeDate_Batch_6.WMS_Ship_Confirm" time="787.109" errors="0" timestamp="2024-04-12T22:02:40 IST" skipped="0">
  <testcase classname="WMS_TimeDate_Batch_6.WMS_Ship_Confirm" name="orderAllocation" time="787.109"/>
</testsuite> <!-- WMS_TimeDate_Batch_6.WMS_Ship_Confirm -->
