<?xml version="1.0" encoding="UTF-8"?>
<!-- Generated by org.testng.reporters.JUnitReportReporter -->
<testsuite hostname="LTIN145403" failures="0" tests="1" name="WMS_TestCases.WMS_Clock_In" time="100.178" errors="0" timestamp="2022-03-24T18:17:40 IST" skipped="0">
  <testcase classname="WMS_TestCases.WMS_Clock_In" name="addAndRemoveCondition" time="100.178"/>
  <system-out/>
</testsuite> <!-- WMS_TestCases.WMS_Clock_In -->
