<?xml version="1.0" encoding="UTF-8"?>
<!-- Generated by org.testng.reporters.JUnitReportReporter -->
<testsuite hostname="BYODIIcU3lIgowY" failures="0" tests="1" name="WMS_PickSort_Batch_5.WMS_PST_MultisBag_Carton" time="4082.562" errors="0" timestamp="2023-09-27T14:27:54 IST" skipped="0">
  <testcase classname="WMS_PickSort_Batch_5.WMS_PST_MultisBag_Carton" name="orderAllocation" time="4082.562"/>
</testsuite> <!-- WMS_PickSort_Batch_5.WMS_PST_MultisBag_Carton -->
