<?xml version="1.0" encoding="UTF-8"?>
<!-- Generated by org.testng.reporters.JUnitReportReporter -->
<testsuite hostname="BYODIIcU3lIgowY" failures="0" tests="1" name="WMS_Mult_Ord_Batch_4.WMS_Multiple_Bag_Generate_Cartons" time="2258.543" errors="0" timestamp="2024-04-12T22:10:05 IST" skipped="0">
  <testcase classname="WMS_Mult_Ord_Batch_4.WMS_Multiple_Bag_Generate_Cartons" name="orderAllocation" time="2258.543"/>
</testsuite> <!-- WMS_Mult_Ord_Batch_4.WMS_Multiple_Bag_Generate_Cartons -->
