<?xml version="1.0" encoding="UTF-8"?>
<!-- Generated by org.testng.reporters.JUnitReportReporter -->
<testsuite hostname="LTIN145403" failures="0" tests="1" name="WMS_TestCases.WMS_PST_Singles_Cartons" time="2148.580" errors="0" timestamp="2022-02-25T12:36:19 IST" skipped="0">
  <testcase classname="WMS_TestCases.WMS_PST_Singles_Cartons" name="orderAllocation" time="2148.580"/>
  <system-out/>
</testsuite> <!-- WMS_TestCases.WMS_PST_Singles_Cartons -->
