<?xml version="1.0" encoding="UTF-8"?>
<!-- Generated by org.testng.reporters.JUnitReportReporter -->
<testsuite hostname="LTIN145403" failures="0" tests="1" name="WMS_TestCases.WMS_Single_Gift_Card" time="1022.023" errors="0" timestamp="2022-03-07T12:59:21 IST" skipped="0">
  <testcase classname="WMS_TestCases.WMS_Single_Gift_Card" name="orderAllocation" time="1022.023"/>
  <system-out/>
</testsuite> <!-- WMS_TestCases.WMS_Single_Gift_Card -->
