<?xml version="1.0" encoding="UTF-8"?>
<!-- Generated by org.testng.reporters.JUnitReportReporter -->
<testsuite hostname="BYODIIcU3lIgowY" failures="0" tests="1" name="WMS_TimeDate_Batch_6.WMS_Cancel_OLPNs" time="393.966" errors="0" timestamp="2023-09-05T14:13:34 IST" skipped="0">
  <testcase classname="WMS_TimeDate_Batch_6.WMS_Cancel_OLPNs" name="orderAllocation" time="393.966"/>
</testsuite> <!-- WMS_TimeDate_Batch_6.WMS_Cancel_OLPNs -->
