<?xml version="1.0" encoding="UTF-8"?>
<!-- Generated by org.testng.reporters.JUnitReportReporter -->
<testsuite hostname="BYODIIcU3lIgowY" failures="0" tests="1" name="WMS_PickSort_Batch_5.WMS_PST_Multis_Export" time="12490.458" errors="0" timestamp="2023-10-30T17:25:35 IST" skipped="0">
  <testcase classname="WMS_PickSort_Batch_5.WMS_PST_Multis_Export" name="orderAllocation" time="12490.458"/>
</testsuite> <!-- WMS_PickSort_Batch_5.WMS_PST_Multis_Export -->
