<?xml version="1.0" encoding="UTF-8"?>
<!-- Generated by org.testng.reporters.JUnitReportReporter -->
<testsuite hostname="BYODIIcU3lIgowY" failures="0" tests="1" name="WMS_SinglesPackSort_Batch_8.WMS_PackSort_Singles_Cartons" time="3516.311" errors="0" timestamp="2023-11-01T13:30:34 IST" skipped="0">
  <testcase classname="WMS_SinglesPackSort_Batch_8.WMS_PackSort_Singles_Cartons" name="orderAllocation" time="3516.311"/>
</testsuite> <!-- WMS_SinglesPackSort_Batch_8.WMS_PackSort_Singles_Cartons -->
