<?xml version="1.0" encoding="UTF-8"?>
<!-- Generated by org.testng.reporters.JUnitReportReporter -->
<testsuite hostname="BYODIIcU3lIgowY" failures="0" tests="1" name="WMS_Valid_Batch_7.WMS_DHEP_RateShop_Validation" time="538.517" errors="0" timestamp="2023-08-23T13:14:13 IST" skipped="0">
  <testcase classname="WMS_Valid_Batch_7.WMS_DHEP_RateShop_Validation" name="orderAllocation" time="538.517"/>
</testsuite> <!-- WMS_Valid_Batch_7.WMS_DHEP_RateShop_Validation -->
