<?xml version="1.0" encoding="UTF-8"?>
<!-- Generated by org.testng.reporters.JUnitReportReporter -->
<testsuite hostname="LTIN405265" failures="0" tests="1" name="WMS_Valid_Batch_7.WMS_FEES_RateShop_Validation" time="1312.407" errors="0" timestamp="2023-05-08T15:47:35 IST" skipped="0">
  <testcase classname="WMS_Valid_Batch_7.WMS_FEES_RateShop_Validation" name="orderAllocation" time="1312.407"/>
  <system-out/>
</testsuite> <!-- WMS_Valid_Batch_7.WMS_FEES_RateShop_Validation -->
