<?xml version="1.0" encoding="UTF-8"?>
<!-- Generated by org.testng.reporters.JUnitReportReporter -->
<testsuite hostname="LTIN145403" failures="0" tests="1" name="WMS_TestCases.WMS_Ship_Confirmation" time="2124.281" errors="0" timestamp="2022-04-05T23:28:50 IST" skipped="0">
  <testcase classname="WMS_TestCases.WMS_Ship_Confirmation" name="orderAllocation" time="2124.281"/>
  <system-out/>
</testsuite> <!-- WMS_TestCases.WMS_Ship_Confirmation -->
