<?xml version="1.0" encoding="UTF-8"?>
<!-- Generated by org.testng.reporters.JUnitReportReporter -->
<testsuite hostname="BYODIIcU3lIgowY" failures="0" tests="1" name="WMS_InvCont_Batch_2.WMS_ClockOut" time="68.344" errors="0" timestamp="2024-04-12T21:18:46 IST" skipped="0">
  <testcase classname="WMS_InvCont_Batch_2.WMS_ClockOut" name="addAndRemoveCondition" time="68.344"/>
</testsuite> <!-- WMS_InvCont_Batch_2.WMS_ClockOut -->
