<?xml version="1.0" encoding="UTF-8"?>
<!-- Generated by org.testng.reporters.JUnitReportReporter -->
<testsuite hostname="BYODIIcU3lIgowY" failures="0" tests="1" name="WMS_SingsOrd_Batch_3.WMS_SingleBag_Pack_Three" time="812.090" errors="0" timestamp="2023-10-28T04:44:28 IST" skipped="0">
  <testcase classname="WMS_SingsOrd_Batch_3.WMS_SingleBag_Pack_Three" name="orderAllocation" time="812.090"/>
</testsuite> <!-- WMS_SingsOrd_Batch_3.WMS_SingleBag_Pack_Three -->
