<?xml version="1.0" encoding="UTF-8"?>
<!-- Generated by org.testng.reporters.JUnitReportReporter -->
<testsuite hostname="LTIN145403" failures="0" tests="1" name="WMS_TestCases.WMS_ClockOut" time="91.642" errors="0" timestamp="2022-03-24T23:43:14 IST" skipped="0">
  <testcase classname="WMS_TestCases.WMS_ClockOut" name="addAndRemoveCondition" time="91.642"/>
  <system-out/>
</testsuite> <!-- WMS_TestCases.WMS_ClockOut -->
