<?xml version="1.0" encoding="UTF-8"?>
<!-- Generated by org.testng.reporters.JUnitReportReporter -->
<testsuite hostname="LTIN145403" failures="0" tests="1" name="WMS_TestCases.WMS_DW_PACK_Multis_Gift_Wrap" time="2676.611" errors="0" timestamp="2022-03-18T16:32:11 IST" skipped="0">
  <testcase classname="WMS_TestCases.WMS_DW_PACK_Multis_Gift_Wrap" name="orderAllocation" time="2676.611"/>
  <system-out/>
</testsuite> <!-- WMS_TestCases.WMS_DW_PACK_Multis_Gift_Wrap -->
