<?xml version="1.0" encoding="UTF-8"?>
<!-- Generated by org.testng.reporters.JUnitReportReporter -->
<testsuite hostname="BYODIIcU3lIgowY" failures="0" tests="1" name="WMS_Mult_Ord_Batch_4.WMS_Multiple_Bag_Generate_Cartons" time="2080.644" errors="0" timestamp="2023-07-25T12:07:35 IST" skipped="0">
  <testcase classname="WMS_Mult_Ord_Batch_4.WMS_Multiple_Bag_Generate_Cartons" name="orderAllocation" time="2080.644"/>
</testsuite> <!-- WMS_Mult_Ord_Batch_4.WMS_Multiple_Bag_Generate_Cartons -->
