<?xml version="1.0" encoding="UTF-8"?>
<!-- Generated by org.testng.reporters.JUnitReportReporter -->
<testsuite hostname="BYODIIcU3lIgowY" failures="0" tests="1" name="WMS_TimeDate_Batch_6.WMS_Printing_Journal" time="416.359" errors="0" timestamp="2023-09-27T19:56:50 IST" skipped="0">
  <testcase classname="WMS_TimeDate_Batch_6.WMS_Printing_Journal" name="orderAllocation" time="416.359"/>
</testsuite> <!-- WMS_TimeDate_Batch_6.WMS_Printing_Journal -->
