<?xml version="1.0" encoding="UTF-8"?>
<!-- Generated by org.testng.reporters.JUnitReportReporter -->
<testsuite hostname="BYODIIcU3lIgowY" failures="0" tests="1" name="WMS_SinglesPackSort_Batch_8.WMS_PackSort_Singles_Cartons" time="2236.612" errors="0" timestamp="2023-10-30T19:31:21 IST" skipped="0">
  <testcase classname="WMS_SinglesPackSort_Batch_8.WMS_PackSort_Singles_Cartons" name="orderAllocation" time="2236.612"/>
</testsuite> <!-- WMS_SinglesPackSort_Batch_8.WMS_PackSort_Singles_Cartons -->
