<?xml version="1.0" encoding="UTF-8"?>
<!-- Generated by org.testng.reporters.JUnitReportReporter -->
<testsuite hostname="BYODIIcU3lIgowY" failures="0" tests="1" name="WMS_InvCont_Batch_2.WMS_Cycle_Recounts" time="417.713" errors="0" timestamp="2024-04-12T21:22:22 IST" skipped="0">
  <testcase classname="WMS_InvCont_Batch_2.WMS_Cycle_Recounts" name="cycleCountUserDirec" time="417.713"/>
</testsuite> <!-- WMS_InvCont_Batch_2.WMS_Cycle_Recounts -->
