<?xml version="1.0" encoding="UTF-8"?>
<!-- Generated by org.testng.reporters.JUnitReportReporter -->
<testsuite hostname="LTIN145403" failures="0" tests="1" name="WMS_TestCases.WMS_DW_Singles_Export" time="2422.601" errors="0" timestamp="2022-03-01T21:46:22 IST" skipped="0">
  <testcase classname="WMS_TestCases.WMS_DW_Singles_Export" name="orderAllocation" time="2422.601"/>
  <system-out/>
</testsuite> <!-- WMS_TestCases.WMS_DW_Singles_Export -->
