<?xml version="1.0" encoding="UTF-8"?>
<!-- Generated by org.testng.reporters.JUnitReportReporter -->
<testsuite hostname="LTIN145403" failures="0" tests="1" name="WMS_TestCases.WMS_Parcel_End_of_The_Day" time="485.350" errors="0" timestamp="2022-02-28T11:13:22 IST" skipped="0">
  <testcase classname="WMS_TestCases.WMS_Parcel_End_of_The_Day" name="orderAllocation" time="485.350"/>
  <system-out/>
</testsuite> <!-- WMS_TestCases.WMS_Parcel_End_of_The_Day -->
