<?xml version="1.0" encoding="UTF-8"?>
<!-- Generated by org.testng.reporters.JUnitReportReporter -->
<testsuite hostname="BYODIIcU3lIgowY" failures="0" tests="1" name="WMS_InvCont_Batch_2.WMS_Negative_Adjusment" time="375.987" errors="0" timestamp="2023-09-27T14:59:02 IST" skipped="0">
  <testcase classname="WMS_InvCont_Batch_2.WMS_Negative_Adjusment" name="cycleCountUserDirec" time="375.987"/>
</testsuite> <!-- WMS_InvCont_Batch_2.WMS_Negative_Adjusment -->
