<?xml version="1.0" encoding="UTF-8"?>
<!-- Generated by org.testng.reporters.JUnitReportReporter -->
<testsuite hostname="BYODIIcU3lIgowY" failures="0" tests="1" name="WMS_InvCont_Batch_2.WMS_Positive_Adjusments" time="392.107" errors="0" timestamp="2023-09-05T14:52:10 IST" skipped="0">
  <testcase classname="WMS_InvCont_Batch_2.WMS_Positive_Adjusments" name="cycleCountUserDirec" time="392.107"/>
</testsuite> <!-- WMS_InvCont_Batch_2.WMS_Positive_Adjusments -->
