<?xml version="1.0" encoding="UTF-8"?>
<!-- Generated by org.testng.reporters.JUnitReportReporter -->
<testsuite hostname="LTIN145403" failures="0" tests="1" name="WMS_TestCases.WMS_Fill_and_Kill" time="810.511" errors="0" timestamp="2022-03-09T09:02:08 IST" skipped="0">
  <testcase classname="WMS_TestCases.WMS_Fill_and_Kill" name="orderAllocation" time="810.511"/>
  <system-out/>
</testsuite> <!-- WMS_TestCases.WMS_Fill_and_Kill -->
