<?xml version="1.0" encoding="UTF-8"?>
<!-- Generated by org.testng.reporters.JUnitReportReporter -->
<testsuite hostname="BYODIIcU3lIgowY" failures="0" tests="1" name="WMS_Inbound_Batch_1.WMS_LPN_Single_Sku" time="780.296" errors="0" timestamp="2024-04-12T21:34:12 IST" skipped="0">
  <testcase classname="WMS_Inbound_Batch_1.WMS_LPN_Single_Sku" name="ASNExecuteCart" time="780.296"/>
</testsuite> <!-- WMS_Inbound_Batch_1.WMS_LPN_Single_Sku -->
