<?xml version="1.0" encoding="UTF-8"?>
<!-- Generated by org.testng.reporters.JUnitReportReporter -->
<testsuite hostname="LTIN145403" failures="0" tests="1" name="WMS_TestCases.WMS_SingleBagPackage" time="1775.787" errors="0" timestamp="2022-05-19T13:25:13 IST" skipped="0">
  <testcase classname="WMS_TestCases.WMS_SingleBagPackage" name="orderAllocation" time="1775.787"/>
  <system-out/>
</testsuite> <!-- WMS_TestCases.WMS_SingleBagPackage -->
