<?xml version="1.0" encoding="UTF-8"?>
<!-- Generated by org.testng.reporters.JUnitReportReporter -->
<testsuite hostname="BYODIIcU3lIgowY" failures="0" tests="1" name="WMS_InvCont_Batch_2.WMS_Add_Condition_Code" time="251.440" errors="0" timestamp="2023-08-22T17:22:59 IST" skipped="0">
  <testcase classname="WMS_InvCont_Batch_2.WMS_Add_Condition_Code" name="addAndRemoveCondition" time="251.440"/>
</testsuite> <!-- WMS_InvCont_Batch_2.WMS_Add_Condition_Code -->
