<?xml version="1.0" encoding="UTF-8"?>
<!-- Generated by org.testng.reporters.JUnitReportReporter -->
<testsuite hostname="BYODIIcU3lIgowY" failures="0" tests="1" name="WMS_Valid_Batch_7.WMS_DHEP_RateShop_Validation" time="578.227" errors="0" timestamp="2023-09-28T18:19:36 IST" skipped="0">
  <testcase classname="WMS_Valid_Batch_7.WMS_DHEP_RateShop_Validation" name="orderAllocation" time="578.227"/>
</testsuite> <!-- WMS_Valid_Batch_7.WMS_DHEP_RateShop_Validation -->
