<?xml version="1.0" encoding="UTF-8"?>
<!-- Generated by org.testng.reporters.JUnitReportReporter -->
<testsuite hostname="BYODIIcU3lIgowY" failures="0" tests="1" name="WMS_SinglesPackSort_Batch_8.WMS_PackSort_Single_Export" time="2991.261" errors="0" timestamp="2024-04-12T15:55:33 IST" skipped="0">
  <testcase classname="WMS_SinglesPackSort_Batch_8.WMS_PackSort_Single_Export" name="orderAllocation" time="2991.261"/>
</testsuite> <!-- WMS_SinglesPackSort_Batch_8.WMS_PackSort_Single_Export -->
