<?xml version="1.0" encoding="UTF-8"?>
<!-- Generated by org.testng.reporters.JUnitReportReporter -->
<testsuite hostname="BYODIIcU3lIgowY" failures="0" tests="1" name="WMS_Valid_Batch_7.WMS_ONTRAC_Rateshop_Validation" time="826.049" errors="0" timestamp="2024-04-12T22:27:59 IST" skipped="0">
  <testcase classname="WMS_Valid_Batch_7.WMS_ONTRAC_Rateshop_Validation" name="orderAllocation" time="826.049"/>
</testsuite> <!-- WMS_Valid_Batch_7.WMS_ONTRAC_Rateshop_Validation -->
