<?xml version="1.0" encoding="UTF-8"?>
<!-- Generated by org.testng.reporters.JUnitReportReporter -->
<testsuite hostname="BYODIIcU3lIgowY" failures="0" tests="1" name="WMS_InvCont_Batch_2.WMS_Cycle_Recounts" time="1190.425" errors="0" timestamp="2023-07-26T15:22:50 IST" skipped="0">
  <testcase classname="WMS_InvCont_Batch_2.WMS_Cycle_Recounts" name="cycleCountUserDirec" time="1190.425"/>
</testsuite> <!-- WMS_InvCont_Batch_2.WMS_Cycle_Recounts -->
