<?xml version="1.0" encoding="UTF-8"?>
<!-- Generated by org.testng.reporters.JUnitReportReporter -->
<testsuite hostname="LTIN145403" failures="0" tests="1" name="WMS_Batch_SinglesOrders_outboundflow.WMS_Singles_GiftCard_Order" time="2338.633" errors="0" timestamp="2022-05-26T12:19:08 IST" skipped="0">
  <testcase classname="WMS_Batch_SinglesOrders_outboundflow.WMS_Singles_GiftCard_Order" name="orderAllocation" time="2338.633"/>
  <system-out/>
</testsuite> <!-- WMS_Batch_SinglesOrders_outboundflow.WMS_Singles_GiftCard_Order -->
