<?xml version="1.0" encoding="UTF-8"?>
<!-- Generated by org.testng.reporters.JUnitReportReporter -->
<testsuite hostname="BYODIIcU3lIgowY" failures="0" tests="1" name="WMS_InvCont_Batch_2.WMS_Cycle_Count_userdirected" time="257.480" errors="0" timestamp="2023-09-01T13:58:26 IST" skipped="0">
  <testcase classname="WMS_InvCont_Batch_2.WMS_Cycle_Count_userdirected" name="cycleCountUserDirec" time="257.480"/>
</testsuite> <!-- WMS_InvCont_Batch_2.WMS_Cycle_Count_userdirected -->
