<?xml version="1.0" encoding="UTF-8"?>
<!-- Generated by org.testng.reporters.JUnitReportReporter -->
<testsuite hostname="LTIN407945" failures="0" tests="1" name="WMS_SinglesPackSort_Batch_8.WMS_PackSort_Single_Bag2" time="2828.214" errors="0" timestamp="2022-09-22T15:37:54 IST" skipped="0">
  <testcase classname="WMS_SinglesPackSort_Batch_8.WMS_PackSort_Single_Bag2" name="orderAllocation" time="2828.214"/>
  <system-out/>
</testsuite> <!-- WMS_SinglesPackSort_Batch_8.WMS_PackSort_Single_Bag2 -->
