<?xml version="1.0" encoding="UTF-8"?>
<!-- Generated by org.testng.reporters.JUnitReportReporter -->
<testsuite hostname="LTIN145403" failures="0" tests="1" name="WMS_TestCases.WMS_Blind_Receiving" time="431.215" errors="0" timestamp="2022-03-07T22:10:48 IST" skipped="0">
  <testcase classname="WMS_TestCases.WMS_Blind_Receiving" name="cycleCountUserDirec" time="431.215"/>
  <system-out/>
</testsuite> <!-- WMS_TestCases.WMS_Blind_Receiving -->
