<?xml version="1.0" encoding="UTF-8"?>
<!-- Generated by org.testng.reporters.JUnitReportReporter -->
<testsuite hostname="BYODIIcU3lIgowY" failures="0" tests="1" name="WMS_TimeDate_Batch_6.WMS_Ship_Confirm" time="712.443" errors="0" timestamp="2023-09-05T13:48:13 IST" skipped="0">
  <testcase classname="WMS_TimeDate_Batch_6.WMS_Ship_Confirm" name="orderAllocation" time="712.443"/>
</testsuite> <!-- WMS_TimeDate_Batch_6.WMS_Ship_Confirm -->
