<?xml version="1.0" encoding="UTF-8"?>
<!-- Generated by org.testng.reporters.JUnitReportReporter -->
<testsuite hostname="BYODIIcU3lIgowY" failures="0" tests="1" name="WMS_SingsOrd_Batch_3.WMS_Singles_GiftCard_Order" time="2906.032" errors="0" timestamp="2023-09-26T17:59:25 IST" skipped="0">
  <testcase classname="WMS_SingsOrd_Batch_3.WMS_Singles_GiftCard_Order" name="orderAllocation" time="2906.032"/>
</testsuite> <!-- WMS_SingsOrd_Batch_3.WMS_Singles_GiftCard_Order -->
