<?xml version="1.0" encoding="UTF-8"?>
<!-- Generated by org.testng.reporters.JUnitReportReporter -->
<testsuite hostname="LTIN145403" failures="0" tests="1" name="WMS_TestCases.WMS_PST_Single_Gift_Card" time="2000.620" errors="0" timestamp="2022-03-01T17:06:16 IST" skipped="0">
  <testcase classname="WMS_TestCases.WMS_PST_Single_Gift_Card" name="orderAllocation" time="2000.620"/>
  <system-out/>
</testsuite> <!-- WMS_TestCases.WMS_PST_Single_Gift_Card -->
