<?xml version="1.0" encoding="UTF-8"?>
<!-- Generated by org.testng.reporters.JUnitReportReporter -->
<testsuite hostname="BYODIIcU3lIgowY" failures="0" tests="1" name="WMS_SingsOrd_Batch_3.WMS_Single_Bag_GC" time="1899.569" errors="0" timestamp="2024-04-12T12:52:28 IST" skipped="0">
  <testcase classname="WMS_SingsOrd_Batch_3.WMS_Single_Bag_GC" name="orderAllocation" time="1899.569"/>
</testsuite> <!-- WMS_SingsOrd_Batch_3.WMS_Single_Bag_GC -->
