<?xml version="1.0" encoding="UTF-8"?>
<!-- Generated by org.testng.reporters.JUnitReportReporter -->
<testsuite hostname="BYODIIcU3lIgowY" failures="0" tests="1" name="WMS_SingsOrd_Batch_3.WMS_Singles_GiftCard_Order" time="2177.350" errors="0" timestamp="2023-08-21T18:03:32 IST" skipped="0">
  <testcase classname="WMS_SingsOrd_Batch_3.WMS_Singles_GiftCard_Order" name="orderAllocation" time="2177.350"/>
</testsuite> <!-- WMS_SingsOrd_Batch_3.WMS_Singles_GiftCard_Order -->
