<?xml version="1.0" encoding="UTF-8"?>
<!-- Generated by org.testng.reporters.JUnitReportReporter -->
<testsuite hostname="BYODIIcU3lIgowY" failures="0" tests="1" name="WMS_SingsOrd_Batch_3.WMS_Singles_GiftCard_Order" time="1976.071" errors="0" timestamp="2024-04-12T13:43:02 IST" skipped="0">
  <testcase classname="WMS_SingsOrd_Batch_3.WMS_Singles_GiftCard_Order" name="orderAllocation" time="1976.071"/>
</testsuite> <!-- WMS_SingsOrd_Batch_3.WMS_Singles_GiftCard_Order -->
