<?xml version="1.0" encoding="UTF-8"?>
<!-- Generated by org.testng.reporters.JUnitReportReporter -->
<testsuite hostname="LTIN407945" failures="0" tests="1" name="WMS_Batch_6.WMS_Alternate_Pick_Location" time="2548.951" errors="0" timestamp="2022-11-01T17:37:54 IST" skipped="0">
  <testcase classname="WMS_Batch_6.WMS_Alternate_Pick_Location" name="orderAllocation" time="2548.951"/>
  <system-out/>
</testsuite> <!-- WMS_Batch_6.WMS_Alternate_Pick_Location -->
